#==============================================================================
#####----{功能}----
#------------------------------------------------------------------------------
function add_menu {
	menuentry "$1" "$2" "$3" "$4" --class "$2" --id "$3" {$4;};
};
#------------------------------------------------------------------------------
function submenu_back {
	menuentry $"Back" --class "启事/返回" --hotkey "esc" {
		if [ "语言" == "${menu_id}" ]; then selected=语言; background_color black; fi;
		submenu_exit;
	};
};
#------------------------------------------------------------------------------
function add_submenu {
	increment line_submenu;
	menuentry "$1" "$2" "$3" "$4" "${line_submenu}" --class "$2" --id "$4" --hotkey "$3" {
		set menu_id=$4;
		if [ "出口" == "${menu_id}" ]; then exit;
		elif [ "游戏" == "${menu_id}" ]; then nes ${prefix}/FlappyBird.nes 3;
		elif [ "壁纸" == "${menu_id}" ]; then GTPK_NAME=$1; load_gtpk;
			WALLPAPER_VERSION=${wallpaper_latest}; number_version=2; selected_gtpk=$5;
		fi; set address="${address}/${menu_id}"; configfile ${config_file};
	};
};
#------------------------------------------------------------------------------
function add_hidden {
	hiddenentry "$1" "$2" --id "$1" --hotkey "$2" {
		if [ "终端" == "$1" ]; then commandline;
		elif [ "刷新" == "$1" ]; then clear_menu; normal;
		else menu_id=$1; address="${address}/${menu_id}"; configfile ${config_file}; fi;
	};
};
#------------------------------------------------------------------------------
function add_parent {
	menuentry $"Back" "$1" "$2" "$3" --class "启事/返回" --hotkey "esc" {
		if [ "隐藏" == "$2" ]; then selected_hidden=${menu_id};
		else selected=${menu_id}; fi;
		if [ -n "$3" ]; then $3; fi; if [ -n "$4" ]; then selected=$4; fi;
		regexp --set=1:address '^(.*)\/.*$' ${address};
		regexp --set=1:menu_id '^.*\/(.*)$' ${address};
		configfile ${config_file};
	};
};
#------------------------------------------------------------------------------
function ini_option {
	for key_name in ${option_variables}; do ini_get --set=${key_name} ${menu_dir}/选项.ini ${menu_id}:${key_name}; done; unset key_name;
};
#------------------------------------------------------------------------------
function add_switch {
	eval icon="\$gear_$2";
	menuentry "$1" "$2" "$3" "${icon}" --class "启事/${icon}" --id "$2" {
		if [ "关" == "$4" ]; then "gear_$2"=开; if [ "功能" == "$3" ]; then enable_$2; fi;
		elif [ "开" == "$4" ]; then "gear_$2"=关; if [ "功能" == "$3" ]; then  disable_$2; fi;
		fi; save_grubenv gear_$2; set selected="$2"; refresh_theme; configfile ${config_file};
	}; unset icon;
};
#------------------------------------------------------------------------------
function add_selection {
	increment item_id;
	if [ "No.${item_id}" == "${default_number}" ]; then option="[☆]";
	else set option="[  ]"; fi;
	if [ "壁纸" == "${menu_id}" ]; then icon=$3-${polarity}; else icon=${menu_id}/$3; fi
	menuentry "${option} $1" "$2" "No.${item_id}" "$3" "$4" --class "${icon}" --id "No.${item_id}" {
		if [ "%d" == "$4" ]; then
			set ${number_name}=$3;
			echo -e "\n "$"Please enter the countdown seconds (positive integer) that you want."" \n";
			read "$2"; regexp --set=1:${variable_name} '([0-9]+)' "${_d}";
		else set ${variable_name}=$2; ${number_name}=$3;
		fi; set selected=$3; save_grubenv ${variable_name} ${number_name};
		if [ "倒数" == "${menu_id}" ]; then timeout=${TIME_OUT};
		elif [ "语言" == "${menu_id}" ] -o [ "槽位" == "${menu_id}" ]; then continue; 
		elif [ "键盘" == "${menu_id}" ]; then source $5;
		elif [ "壁纸" == "${menu_id}" ]; then save_grubenv GTPK_NAME;
		else refresh_theme;
		fi; configfile ${config_file};
	}; unset icon;
};
#------------------------------------------------------------------------------
function list_selection {
	set item_name=$1; shift 1;
	for thing in $@; do
		if [ "键盘" == "${menu_id}" ]; then
			regexp --set=1:layout '^.*[K][B][D]_(.*)\.[c][f][g]$' ${thing};
			add_selection "${layout}" "${layout}" "${layout}" "${thing}";
		elif [ "壁纸" == "${menu_id}" ]; then
			eval item_name=\"\$v$thing\"; eval item_name=\$\"${item_name}\";
			add_selection "${item_name}" "${thing}" "${thing}";
		else add_selection "${item_name}${thing}" "${thing}" "${thing}"; fi;
	done; if [ "UTC" != "${item_name}" ]; then unset item_id; fi;
	unset thing; unset item_name;
};
#==============================================================================
if [ "菜单" == "${menu_id}" ]; then
#==============================================================================
#####----{菜单}----
#------------------------------------------------------------------------------
### 配置
	menu_config; set option_variables="item_id number_name variable_name";
#------------------------------------------------------------------------------
### 条目
	if [ "开" != "${gear_install}" ]; then multiboot_${SLOT}; else
	add_submenu $"Install fydeOS"	"启动/U盘"	"i"			"安装"; fi;
	add_submenu $"Settings"			"菜单/齿轮"	"f2"		"设置";
	if [ "关" == "${gear_schedule}" ]; then switch_theme;
	elif [ "开" == "${gear_schedule}" ]; then menu_date; fi;
	add_submenu $"Flappy Bird"		"菜单/飞鸟"	"g"			"游戏";
	add_submenu $"Exit"				"菜单/出口"	"esc"		"出口";
	add_submenu $"About"			"菜单/信息"	"backspace"	"关于";
#==============================================================================
elif [ "隐藏" == "${menu_id}" ]; then
#==============================================================================
#####----{隐藏}----
#------------------------------------------------------------------------------
### 配置
	menu_config "${selected_hidden}" "隐藏";
#------------------------------------------------------------------------------
### 条目
	add_parent "菜单";
	add_submenu $"Boot menu"		"隐藏/捂脸"	"h"		"启动";
	add_menu	$"Terminal"			"隐藏/终端"	"终端"	"commandline";
	add_submenu $"Root permission"	"隐藏/su"	"s"		"Root";
	add_menu	$"Reset"			"隐藏/重置"	"重置"	"restore_default";
#==============================================================================
elif [ "启动" == "${menu_id}" ]; then
#==============================================================================
#####----{启动}----
#------------------------------------------------------------------------------
### 配置
	menu_config "${selected_hidden}" "隐藏";
#------------------------------------------------------------------------------
### 条目
	add_parent; multiboot_A; multiboot_B; recovery_tools;
	add_submenu $"Slot: [${SLOT}]"	"启动/槽位"	"s" "槽位";
	add_submenu $"Install fydeOS"	"启动/U盘"	"i" "安装";
#==============================================================================
elif [ "Root" == "${menu_id}" ]; then
#------------------------------------------------------------------------------
	source ${menu_dir}/Root.lst;
#==============================================================================
elif [ "槽位" == "${menu_id}" ]; then
#==============================================================================
#####----{槽位}----
#------------------------------------------------------------------------------
### 配置
	menu_config "${number_slot}"; default_number=${number_slot}; ini_option;
#------------------------------------------------------------------------------
### 条目
	add_parent "隐藏"; add_selection $"Turn A" "A" "A"; add_selection $"Turn B" "B" "B";
#==============================================================================
elif [ "安装" == "${menu_id}" ]; then
#==============================================================================
#####----{安装}----
#------------------------------------------------------------------------------
	source ${menu_dir}/安装.lst;
#==============================================================================
elif [ "文件" == "${menu_id}" ]; then
#==============================================================================
#####----{文件}----
#------------------------------------------------------------------------------
	source ${menu_dir}/文件.lst;
#==============================================================================
elif [ "设置" == "${menu_id}" ]; then
#==============================================================================
#####----{设置}----
#------------------------------------------------------------------------------
### 配置
	menu_config "${selected}";
	if [ "倒数" == "${selected}" ]; then background_image; echo ${TIME_OUT}; refresh_theme; fi;
#------------------------------------------------------------------------------
### 变量标题
	eval VAR_COLOR=\$\"${VAR_COLOR}\";
#------------------------------------------------------------------------------
### 条目
	add_parent;
	add_submenu $"Countdown: ""${TIME_OUT}"											"设置/沙漏"		"1" "倒数";
	add_submenu $"Devices"															"设置/数码"		"2" "设备";
	add_submenu $"Themes: ""[${GTPK_NAME}: v${WALLPAPER_VERSION}] [${VAR_COLOR}]"	"设置/颜料"		"3" "主题";
	add_submenu $"Time & language"													"设置/宇宙"		"4" "时间和语言";
	add_parent;
#==============================================================================
elif [ "关于" == "${menu_id}" ]; then
#==============================================================================
#####----{关于}----
#------------------------------------------------------------------------------
### 配置
	menu_config "${selected}";
#------------------------------------------------------------------------------
### 条目
	add_parent;
	add_menu $"Name: "grub2-fyde	"关于/名片"	"名片"	"eval echo_art; sleep -v 3";
	add_menu $"Branch: "main		"关于/树枝"	"树枝"	"continue";
	add_menu $"Version: "22.0		"关于/标签"	"标签"	"appear_tetris 3";
	add_menu $"Developer: "M.L.P.	"关于/开发"	"开发"	'eval echo -e "\n\n			https://github.com/M-L-P\n"; sleep -v 5';
#==============================================================================
elif [ "倒数" == "${menu_id}" ]; then
#==============================================================================
#####----{倒数}----
#------------------------------------------------------------------------------
### 配置
	menu_config "${number_timeout}"; default_number=${number_timeout}; ini_option;
	background_image --mode=normal ${theme_dir}/倒数.gtpk/${THEME_COLOR}键盘-${SCALE_FACTOR}.png; theme_section;
#------------------------------------------------------------------------------
### 条目
	add_parent; list_selection "" 3 5 7 10 15 20;
	add_selection $"Custom: "${TIME_OUT} "_d" "%d"; add_parent;
#==============================================================================
elif [ "设备" == "${menu_id}" ]; then
#==============================================================================
#####----{设备}----
#------------------------------------------------------------------------------
### 配置
	menu_config "${selected}";
#------------------------------------------------------------------------------
### 变量标题
	if [ "开" == "${gear_USB}" ]; then USB=(USB);
	elif [ "关" == "${gear_USB}" ]; then USB=""; fi;
	if [ "开" == "${gear_PS2}" ]; then PS=(PS2);
	elif [ "关" == "${gear_PS2}" ]; then PS=""; fi;
#------------------------------------------------------------------------------
### 条目
	add_parent;
	add_submenu $"Mouse: ""${USB}${PS}"				"设备/鼠标" "1" "鼠标";
	add_submenu $"Keyboard: ""${KEYBOARD_LAYOUT}"	"设备/键盘" "2" "键盘";
	add_submenu $"Display"							"设备/屏幕" "3" "显示";
#==============================================================================
elif [ "鼠标" == "${menu_id}" ]; then
#==============================================================================
#####----{鼠标}----
#------------------------------------------------------------------------------
### 配置
	menu_config "${selected}";
#------------------------------------------------------------------------------
### 变量标题
	if [ "开" == "${gear_USB}" ]; then VAR_USB=$"on"; 
	elif [ "关" == "${gear_USB}" ]; then VAR_USB=$"off"; fi;
	if [ "开" == "${gear_PS2}" ]; then VAR_PS=$"on";
	elif [ "关" == "${gear_PS2}" ]; then VAR_PS=$"off"; fi;
#------------------------------------------------------------------------------
### 条目
	add_parent;
	add_switch "USB "$"Mouse: "${VAR_USB}					"USB" "功能";
	add_switch "PS/2 "$"Trackpad"" ∨ "$"Mouse: "${VAR_PS} 	"PS2" "功能";
#==============================================================================
elif [ "键盘" == "${menu_id}" ]; then
#==============================================================================
#####----{键盘}----
#------------------------------------------------------------------------------
### 配置
	menu_config "${selected}";
	set default_number=${number_keyboard}; ini_option;	
#------------------------------------------------------------------------------
### 条目
	add_parent; add_switch $"Key mapping" "keymap" "功能";
	if [ "开" == "${gear_keymap}" ]; then list_selection "" ${menu_dir}/键盘配置.d/*.cfg; fi;
#==============================================================================
elif [ "显示" == "${menu_id}" ]; then
#==============================================================================
#####----{显示}----
#------------------------------------------------------------------------------
### 配置
	menu_config "${selected}";
#------------------------------------------------------------------------------
### 变量标题
	if [ "开" == "${gear_scale}" ]; then VAR_AUTO=($"Auto");
	elif [ "关" == "${gear_scale}" ]; then unset VAR_AUTO; fi;
#------------------------------------------------------------------------------
	add_parent;
	add_submenu $"Resolution: "$"max"						"设备/分辨" "1" "分辨率"
	add_submenu $"Scale: "${SCALE_FACTOR}"  ${VAR_AUTO}"	"设备/透镜" "2" "缩放"
#==============================================================================
elif [ "分辨率" == "${menu_id}" ]; then
#==============================================================================
#####----{分辨率}----
#------------------------------------------------------------------------------
### 配置
	menu_config "1"; videomode -l videomode_list;
#------------------------------------------------------------------------------
### 条目
	add_parent; for videomode in $"max" ${videomode_list}; do
		regexp --set=1:width_x_height '(^.*[x].*)[x].*$' ${videomode}
		if [ $"max" == "${videomode}" ] -o [ "${resolution}" == "${width_x_height}" ]; then
		option="[☆]"; else option="[  ]"; fi;
		add_menu "${option} ${videomode}" "设备/分辨" "分辨" "continue";
	done; unset videomode;
#==============================================================================
elif [ "缩放" == "${menu_id}" ]; then
#==============================================================================
#####----{缩放}----
#------------------------------------------------------------------------------
### 配置
	menu_config "${number_scale}"; default_number=${number_scale}; ini_option;
#------------------------------------------------------------------------------
### 条目
	add_parent; add_switch $"Auto" "scale" ""; list_selection "" 1x 1.5x 2x;
#==============================================================================
elif [ "主题" == "${menu_id}" ]; then
#==============================================================================
#####----{主题}----
#------------------------------------------------------------------------------
### 配置
	menu_config "${selected}"; line_gtpk=3;
#------------------------------------------------------------------------------
### 变量标题
	if [ "关" == "${gear_schedule}" ]; then GEAR_SCHEDULE=$"Disable";
	elif [ "开" == "${gear_schedule}" ]; then GEAR_SCHEDULE=$"Enable"; fi;
	if [ "开" == "${gear_scale}" ]; then VAR_AUTO=($"Auto");
	elif [ "关" == "${gear_scale}" ]; then unset VAR_AUTO; fi;
#------------------------------------------------------------------------------
### 条目
	add_parent;
	add_submenu $"Schedule: [${GEAR_SCHEDULE}d]"	"主题/闹钟"		"1" "定时";
	add_submenu "openfyde"							"主题/openfyde"	"2" "壁纸";
	while eval title=\$gtpk_name${line_gtpk}; [ -n "${title}" ]; do
		regexp --set=1:id '^(.*)_.*$' ${title};
		if [ "fydeOS" == "${id}" ]; then icon=${id};
		elif [ "fydeOS" != "${id}" ]; then icon=自定; fi;
		add_submenu "${title}"	"主题/${icon}"	"${line_gtpk}"	"壁纸";
		unset id; unset icon; increment line_gtpk;
	done; unset line_gtpk; unset title;
#==============================================================================
elif [ "定时" == "${menu_id}" ]; then
#==============================================================================
#####----{定时}----
#------------------------------------------------------------------------------
### 配置
	menu_config "${selected}";
#------------------------------------------------------------------------------
### 变量标题
	if [ "0" != "${TIME_ZONE}" ]; then VAR_TIMEZONE=UTC${TIME_ZONE};
	elif [ "0" == "${TIME_ZONE}" ]; then VAR_TIMEZONE=GMT; fi;
#------------------------------------------------------------------------------
### 条目
	add_parent; add_switch $"Enable"" | "$"Disable"	"schedule" "";
	if [ "开" == "${gear_schedule}" ]; then
		add_submenu $"Dawn Clockwise: ""${HOUR_DAWN}"	"定时/日出" "1" "破晓";
		add_submenu $"Dusk Clockwise: ""${HOUR_DUSK}"	"定时/日落" "2" "黄昏";
		add_submenu $"Time Zones: ""${VAR_TIMEZONE}"	"定时/经纬" "3" "时区";
		add_parent; fi;
#==============================================================================
elif [ "壁纸" == "${menu_id}" ]; then
#==============================================================================
#####----{壁纸}----
#------------------------------------------------------------------------------
### 配置
	menu_config "${number_version}"; default_number=${number_version};
	ini_option; refresh_theme;
#------------------------------------------------------------------------------
### 变量
	set about_gtpk="gtpk_name gtpk_branch gtpk_version gtpk_developer";
	for key_name in ${about_gtpk}; do ini_get --set=${key_name} ${gtpk_name_dir}/info.ini Info:${key_name}; done; unset key_name;
	ini_get --set=wallpaper_version ${gtpk_name_dir}/info.ini ${VAR_COLOR}:wallpaper_version; 
	for version_number in ${wallpaper_version}; do
		ini_get --set=v${version_number} ${gtpk_name_dir}/info.ini Wallpaper:v${version_number}; 
	done; unset version_number;
	if [ "openfyde" == "${GTPK_NAME}" ]; then item_id=1;
	elif [ "fydeOS_latest" == "${GTPK_NAME}" ] -o [ "fydeOS_full" == "${GTPK_NAME}" ]; then item_id=4;
	else item_id=50; fi;
#------------------------------------------------------------------------------
### 条目
	add_parent "" "eval load_env --file=${cmdpath}/grubenv; refresh_theme" "${selected_gtpk}";
	switch_theme;
	list_selection "" ${wallpaper_version};
	submenu "关于" --class "菜单/信息" {
		submenu_back;
		add_menu $"Name: "${gtpk_name}				"关于/名片"	"名片"	"continue";
		add_menu $"Branch: "${gtpk_branch}			"关于/树枝"	"树枝"	"continue";
		add_menu $"Version: "${gtpk_version}		"关于/标签"	"标签"	"continue";
		add_menu $"Developer: "${gtpk_developer}	"关于/开发"	"开发"	"continue";
	};
	add_parent "" "eval load_env --file=${cmdpath}/grubenv; refresh_theme" "${selected_gtpk}";
#==============================================================================
elif [ "破晓" == "${menu_id}" ]; then
#==============================================================================
#####----{破晓}----
#------------------------------------------------------------------------------
### 配置
	menu_config "${number_dawn}"; default_number=${number_dawn}; ini_option;
#------------------------------------------------------------------------------
### 条目
	add_parent; list_selection "" 2 3 4 5 6 7 8 9 10; add_parent;
#==============================================================================
elif [ "黄昏" == "${menu_id}" ]; then
#==============================================================================
#####----{黄昏}----
#------------------------------------------------------------------------------
### 配置
	menu_config "${number_dusk}"; default_number=${number_dusk}; ini_option;
#------------------------------------------------------------------------------
### 条目
	add_parent; list_selection "" 14 15 16 17 18 19 20 21 22; add_parent;
#==============================================================================
elif [ "时区" == "${menu_id}" ]; then
#==============================================================================
#####----{时区}----
#------------------------------------------------------------------------------
### 配置
	menu_config "${number_timezone}"; default_number=${number_timezone}; ini_option;
#------------------------------------------------------------------------------
### 条目
	add_parent; list_selection "UTC" -12 -11 -10 -9 -8 -7 -6 -5 -4 -3 -2 -1; add_selection "GMT" "0" "0";
	list_selection "UTC" +1 +2 +3 +4 +5 +6 +7 +8 +9 +10 +11 +12; add_parent;
#==============================================================================
elif [ "时间和语言" == "${menu_id}" ]; then
#==============================================================================
#####----{时间和语言}----
#------------------------------------------------------------------------------
### 配置
	menu_config "${selected}";
#------------------------------------------------------------------------------
### 变量标题
	if [ "0" != "${TIME_ZONE}" ]; then VAR_TIMEZONE=UTC${TIME_ZONE};
	elif [ "0" == "${TIME_ZONE}" ]; then VAR_TIMEZONE=GMT; fi;
	if [ "话语气泡" == "${number_lang}" ]; then VAR_LANG=$"Language: "${lang};
	else set VAR_LANG=$"Language: English"; fi;
#------------------------------------------------------------------------------
### 条目
	add_parent; menu_date;
	add_submenu $"Time Zones: ""${VAR_TIMEZONE}"	"定时/经纬" "2" "时区";
	add_submenu "${VAR_LANG}"				   "时间和语言/地球" "3" "语言";
	add_submenu $"Input"							"设备/键盘" "4" "键盘";
	add_parent;
#==============================================================================
elif [ "语言" == "${menu_id}" ]; then
#==============================================================================
#####----{语言}----
#------------------------------------------------------------------------------
	source ${menu_dir}/语言.lst;
#==============================================================================
fi;
#==============================================================================
#####----{全局快捷键}----
#------------------------------------------------------------------------------
if [ "安装" != "${menu_id}" ] -a [ "文件" != "${menu_id}" ] \
-a [ "隐藏" != "${menu_id}" ] -a [ "启动" != "${menu_id}" ] \
-a [ "槽位" != "${menu_id}" ] -a [ "Root" != "${menu_id}" ]; then
	add_hidden "终端" "f1";
	add_hidden "刷新" "f5";
	add_hidden "启动" "f12";
	add_hidden "隐藏" "delete";
	add_hidden "Root" "insert";
fi;
#==============================================================================