###############################################################################
#                               [菜单.lst]
#                      to list the items of the menu
###############################################################################

#==============================================================================
#####----{功能}----
#------------------------------------------------------------------------------
function submenu_back {
	menuentry $"Back" --class "启事/返回" --hotkey "esc" {
		if [ "语言" == "${menu_id}" ]; then selected=语言; background_color black; fi;
		submenu_exit;
	};
};
#------------------------------------------------------------------------------
function add_submenu {
	menuentry "$1" "$2" "$3" "$4" --class "$2" --id "$4" --hotkey "$3" {
		set parent_id=${menu_id}; menu_id=$4;
		if [ "出口" == "${menu_id}" ]; then exit;
		elif [ "游戏" == "${menu_id}" ]; then config_file=${game_dir}/${4}.lst; 
		elif [ "安装" == "${menu_id}" ]; then 
			set config_file=${menu_dir}/${4}.lst; fi;
		configfile ${config_file};
	};
};
#------------------------------------------------------------------------------
function add_hidden {
	hiddenentry "$1" "$2" --id "$1" --hotkey "$2" {
		set thatthat=${menu_id}
		if [ "终端" == "$1" ]; then commandline;
		elif [ "刷新" == "$1" ]; then clear_menu; normal;
		else parent_id=${menu_id}; parent_menu=${prefix}/菜单.lst; menu_id=$1;
			config_file=${menu_dir}/隐藏.lst; configfile ${config_file};
		fi;
	};
};
#------------------------------------------------------------------------------
function add_parent {
	menuentry $"Back" --class "启事/返回" --hotkey "esc" {
		set selected=${menu_id};
		if [ "前" == "${parent}" ]; then
			set config_file=${parent_menu}; menu_id=${thatthat}; unset thatthat;
		elif [ "主" == "${parent}" ]; then config_file=${parent_menu}; menu_id=菜单;
		else menu_id=${parent}; fi;
		if [ "文件" == "${selected}" ] -o [ "语言" == "${selected}" ]; then
			refresh_theme; fi; 
		configfile ${config_file};
	};
};
#------------------------------------------------------------------------------
function ini_option {
	for key_name in ${option_variables}; do ini_get --set=${key_name} ${menu_dir}/选项.ini ${menu_id}:${key_name}; done;
};
#------------------------------------------------------------------------------
function add_switch {
	menuentry "$1" "$2" "$3" "$4" "$5" --class "启事/$2" --id "$3" {
		if [ "关" == "$2" ]; then "$3"=开; $4;
		elif [ "开" == "$2" ]; then "$3"=关; $5; fi;
		save_grubenv $3; set selected="$3"; refresh_theme; configfile ${config_file};
	};
};
#------------------------------------------------------------------------------
function add_selection {
	increment item_id;
	if [ "${item_id}" == "${default_number}" ]; then option="[☆]";
	else set option="[  ]"; fi;
	menuentry "${option} $1" "$2" "${item_id}" "$3" "$4" --class "${menu_id}/$3" --id "${item_id}" {
		if [ "%d" == "$4" ]; then
			set ${number_name}=$3;
			echo -e "\n "$"Please enter the countdown seconds (positive integer) that you want."" \n";
			read "$2"; regexp --set=1:${variable_name} '([0-9]+)' "${_d}";
		else set ${variable_name}=$2; ${number_name}=$3; fi; set selected=$3; save_grubenv ${variable_name} ${number_name};
		if [ "倒计时" == "${menu_id}" ]; then timeout=${TIME_OUT};
		elif [ "语言" == "${menu_id}" ] -o [ "槽位" == "${menu_id}" ]; then continue; 
		elif [ "键盘" == "${menu_id}" ]; then source $5;
		else refresh_theme; fi; configfile ${config_file};
	};
};
#------------------------------------------------------------------------------
function list_selection {
	set item_name=$1; shift 1;
	for thing in $@; do
		if [ "键盘" == "${menu_id}" ]; then
			regexp --set=1:layout '^.*[K][B][D]_(.*)\.[c][f][g]$' ${thing};
			add_selection "${layout}" "${layout}" "键盘" "${thing}";
		else add_selection "${item_name}${thing}" "${thing}" "${thing}"; fi;
	done;
};
#==============================================================================
if [ "菜单" == "${menu_id}" ]; then
#==============================================================================
#####----{菜单}----
#------------------------------------------------------------------------------
### 配置
	menu_config; set option_variables="item_id number_name variable_name";
#------------------------------------------------------------------------------
### 条目
	if [ "开" != "${gear_install}" ]; then multiboot_${SLOT};
	else thatthat=菜单; add_submenu $"Install fydeOS" "启动/U盘" "i" "安装"; fi;
	add_submenu $"Settings"		"菜单/设置"	"f2"	"设置";
	if [ "关" == "${gear_schedule}" ]; then switch_theme;
	elif [ "开" == "${gear_schedule}" ]; then menu_date; fi;
	add_submenu $"Exit"			"菜单/出口"	"esc"	"出口";
	add_submenu $"About"		"菜单/关于"	"backspace"	"关于";
#==============================================================================
elif [ "设置" == "${menu_id}" ]; then
#==============================================================================
#####----{设置}----
#------------------------------------------------------------------------------
### 配置
	menu_config "${selected}" "菜单";
	if [ "倒计时" == "${selected}" ]; then background_image; echo ${TIME_OUT}; refresh_theme; fi;
#------------------------------------------------------------------------------
### 变量标题
	if [ "阴" == "${THEME_COLOR}" ]; then VAR_COLOR=$"Dark";
	elif [ "阳" == "${THEME_COLOR}" ]; then VAR_COLOR=$"Light"; fi;
#------------------------------------------------------------------------------
### 条目
	add_parent;
	add_submenu $"Countdown: ""${TIME_OUT}"						"设置/沙漏" "1" "倒计时";
	add_submenu $"Devices"										"设置/设备" "2" "设备";
	add_submenu $"Themes: ""[${FYDEOS_VERSION}] [${VAR_COLOR}]"	"设置/颜料" "3" "主题";
	add_submenu $"Time & language"								"设置/时间和语言" "4" "时间和语言";
	add_parent;
#==============================================================================
elif [ "关于" == "${menu_id}" ]; then
#==============================================================================
#####----{关于}----
#------------------------------------------------------------------------------
### 配置
	menu_config "${selected}" "菜单";
#------------------------------------------------------------------------------
### 条目
	add_parent;
	menuentry $"Developer: "M.L.P. --class "关于/开发" {echo -e "\n\n			https://github.com/M-L-P"; sleep -v -i 5;set selected=1; configfile ${config_file};};
	menuentry $"Version: "20.0 --class "关于/版本" {
		if [ -z ${click_count} ]; then click_count=4; else decrement click_count; fi;
		if [ "0" -lt "${click_count}" ]; then echo -e "现在只需再执行${click_count}步操作。\n\n			https://github.com/M-L-P/grub2-fyde\n\n"; sleep 1; fi;
		set selected=2; configfile ${config_file};
	};
	if [ "1" -eq "${click_count}" ]; then click_count=5; add_submenu $"Flappy Bird" "关于/游戏" "g" "游戏"; fi;
#==============================================================================
elif [ "倒计时" == "${menu_id}" ]; then
#==============================================================================
#####----{倒计时}----
#------------------------------------------------------------------------------
### 配置
	menu_config "${number_timeout}" "设置"; default_number=${number_timeout}; ini_option;
	background_image --mode=normal ${theme_dir}/倒计时/${THEME_COLOR}键盘-${SCALE_FACTOR}.png; theme_section;
#------------------------------------------------------------------------------
### 条目
	add_parent; list_selection "" 3 5 7 10 15 20;
	add_selection $"Custom: "${TIME_OUT} "_d" "%d"; add_parent;
#==============================================================================
elif [ "设备" == "${menu_id}" ]; then
#==============================================================================
#####----{设备}----
#------------------------------------------------------------------------------
### 配置
	menu_config "${selected}" "设置";
#------------------------------------------------------------------------------
### 变量标题
	if [ "开" == "${gear_USB}" ]; then USB=(USB);
	elif [ "关" == "${gear_USB}" ]; then USB=""; fi;
	if [ "开" == "${gear_PS2}" ]; then PS=(PS2);
	elif [ "关" == "${gear_PS2}" ]; then PS=""; fi;
#------------------------------------------------------------------------------
### 条目
	add_parent;
	add_submenu $"Mouse: ""${USB}${PS}"				"设备/鼠标" "1" "鼠标";
	add_submenu $"Keyboard: ""${keyboard_layout}"	"键盘/键盘" "2" "键盘";
	add_submenu $"Display"							"设备/显示" "3" "显示";
#==============================================================================
elif [ "鼠标" == "${menu_id}" ]; then
#==============================================================================
#####----{鼠标}----
#------------------------------------------------------------------------------
### 配置
	menu_config "${selected}" "设备";
#------------------------------------------------------------------------------
### 变量标题
	if [ "开" == "${gear_USB}" ]; then VAR_USB=$"on"; 
	elif [ "关" == "${gear_USB}" ]; then VAR_USB=$"off"; fi;
	if [ "开" == "${gear_PS2}" ]; then VAR_PS=$"on";
	elif [ "关" == "${gear_PS2}" ]; then VAR_PS=$"off"; fi;
#------------------------------------------------------------------------------
### 条目
	add_parent;
	add_switch "USB "$"Mouse: "${VAR_USB}					"${gear_USB}" "gear_USB" "enable_USB" "disable_USB";
	add_switch "PS/2 "$"Trackpad"" ∨ "$"Mouse: "${VAR_PS} 	"${gear_PS2}" "gear_PS2" "enable_PS2" "disable_PS2";
#==============================================================================
elif [ "键盘" == "${menu_id}" ]; then
#==============================================================================
#####----{键盘}----
#------------------------------------------------------------------------------
### 配置
	menu_config "${selected}" ""; default_number=${number_keyboard}; ini_option;	
#------------------------------------------------------------------------------
### 条目
	add_parent; add_switch $"Key mapping" "${gear_keymap}" "gear_keymap" "true" "disable_keymap";
	if [ "开" == "${gear_keymap}" ]; then list_selection "" ${menu_dir}/键盘配置.d/*.cfg; fi;
#==============================================================================
elif [ "显示" == "${menu_id}" ]; then
#==============================================================================
#####----{显示}----
#------------------------------------------------------------------------------
### 配置
	menu_config "${selected}" "设备";
#------------------------------------------------------------------------------
### 变量标题
	if [ "开" == "${gear_scale}" ]; then VAR_AUTO=($"Auto");
	elif [ "关" == "${gear_scale}" ]; then unset VAR_AUTO; fi;
#------------------------------------------------------------------------------
	add_parent;
	add_submenu $"Resolution: "$"max"						"设备/分辨" "1" "分辨率"
	add_submenu $"Scale: "${SCALE_FACTOR}"  ${VAR_AUTO}"	"设备/透镜" "2" "缩放"
#==============================================================================
elif [ "分辨率" == "${menu_id}" ]; then
#==============================================================================
#####----{分辨率}----
#------------------------------------------------------------------------------
### 配置
	menu_config "1" "显示"; videomode -l videomode_list;
#------------------------------------------------------------------------------
### 条目
	add_parent; for resolution in $"max" ${videomode_list}; do
		if [ $"max" == "${resolution}" ]; then option="[☆]";
		else option="[  ]"; fi;
		menuentry "${option} ${resolution}" --class "设备/分辨" {continue;};
	done;
#==============================================================================
elif [ "缩放" == "${menu_id}" ]; then
#==============================================================================
#####----{缩放}----
#------------------------------------------------------------------------------
### 配置
	menu_config "${number_scale}" "显示"; default_number=${number_scale}; ini_option;
#------------------------------------------------------------------------------
### 条目
	add_parent; add_switch $"Auto" "${gear_scale}"	"gear_scale" ""	""; list_selection "" 1x 1.5x 2x;
#==============================================================================
elif [ "主题" == "${menu_id}" ]; then
#==============================================================================
#####----{主题}----
#------------------------------------------------------------------------------
### 配置
	menu_config "${selected}" "设置";
#------------------------------------------------------------------------------
### 变量标题
	if [ "关" == "${gear_schedule}" ]; then GEAR_SCHEDULE=$"Disable";
	elif [ "开" == "${gear_schedule}" ]; then GEAR_SCHEDULE=$"Enable"; fi;
	if [ "开" == "${gear_scale}" ]; then VAR_AUTO=($"Auto");
	elif [ "关" == "${gear_scale}" ]; then unset VAR_AUTO; fi;
#------------------------------------------------------------------------------
### 条目
	add_parent;
	add_submenu $"Schedule: [${GEAR_SCHEDULE}d]"			"主题/闹钟" "1" "定时";
	add_submenu $"Version: "${FYDEOS_VERSION}				"主题/标签" "2" "版本";
#==============================================================================
elif [ "定时" == "${menu_id}" ]; then
#==============================================================================
#####----{定时}----
#------------------------------------------------------------------------------
### 配置
	menu_config "${selected}" "主题";
#------------------------------------------------------------------------------
### 变量标题
	if [ "0" != "${TIME_ZONE}" ]; then VAR_TIMEZONE=UTC${TIME_ZONE};
	elif [ "0" == "${TIME_ZONE}" ]; then VAR_TIMEZONE=GMT; fi;
#------------------------------------------------------------------------------
### 条目
	add_parent; add_switch $"Enable"" | "$"Disable"	"${gear_schedule}"	"gear_schedule";
	if [ "开" == "${gear_schedule}" ]; then
		add_submenu $"Dawn Clockwise: ""${HOUR_DAWN}"	"定时/日出" "1" "破晓";
		add_submenu $"Dusk Clockwise: ""${HOUR_DUSK}"	"定时/日落" "2" "黄昏";
		add_submenu $"Time Zones: ""${VAR_TIMEZONE}"	"定时/经纬" "3" "时区";
		add_parent; fi;
#==============================================================================
elif [ "破晓" == "${menu_id}" ]; then
#==============================================================================
#####----{破晓}----
#------------------------------------------------------------------------------
### 配置
	menu_config "${number_dawn}" "定时"; default_number=${number_dawn}; ini_option;
#------------------------------------------------------------------------------
### 条目
	add_parent; list_selection "" 2 3 4 5 6 7 8 9 10; add_parent;
#==============================================================================
elif [ "黄昏" == "${menu_id}" ]; then
#==============================================================================
#####----{黄昏}----
#------------------------------------------------------------------------------
### 配置
	menu_config "${number_dusk}" "定时"; default_number=${number_dusk}; ini_option;
#------------------------------------------------------------------------------
### 条目
	add_parent; list_selection "" 14 15 16 17 18 19 20 21 22; add_parent;
#==============================================================================
elif [ "时区" == "${menu_id}" ]; then
#==============================================================================
#####----{时区}----
#------------------------------------------------------------------------------
### 配置
	menu_config "${number_timezone}" ""; default_number=${number_timezone}; ini_option;
#------------------------------------------------------------------------------
### 条目
	add_parent; list_selection "UTC" -12 -11 -10 -9 -8 -7 -6 -5 -4 -3 -2 -1; add_selection "GMT" "0" "0";
	list_selection "UTC" +1 +2 +3 +4 +5 +6 +7 +8 +9 +10 +11 +12; add_parent;
#==============================================================================
elif [ "版本" == "${menu_id}" ]; then
#==============================================================================
#####----{版本}----
#------------------------------------------------------------------------------
	source ${menu_dir}/版本.lst
#==============================================================================
elif [ "时间和语言" == "${menu_id}" ]; then
#==============================================================================
#####----{时间和语言}----
#------------------------------------------------------------------------------
### 配置
	menu_config "${selected}" "设置";
#------------------------------------------------------------------------------
### 变量标题
	if [ "0" != "${TIME_ZONE}" ]; then VAR_TIMEZONE=UTC${TIME_ZONE};
	elif [ "0" == "${TIME_ZONE}" ]; then VAR_TIMEZONE=GMT; fi;
	if [ "话语气泡" == "${number_lang}" ]; then VAR_LANG=$"Language: "${lang};
	else set VAR_LANG=$"Language: English"; fi;
#------------------------------------------------------------------------------
### 条目
	add_parent; menu_date;
	add_submenu $"Time Zones: ""${VAR_TIMEZONE}"	"定时/经纬" "2" "时区";
	add_submenu "${VAR_LANG}"				   "时间和语言/地球" "3" "语言";
	add_submenu $"Input"							"键盘/键盘" "4" "键盘";
	add_parent;
#==============================================================================
elif [ "语言" == "${menu_id}" ]; then
#==============================================================================
#####----{语言}----
#------------------------------------------------------------------------------
	source ${menu_dir}/语言.lst
#==============================================================================
fi;
#==============================================================================
#####----{全局快捷键}----
#------------------------------------------------------------------------------
add_hidden "终端" "f1";
add_hidden "刷新" "f5";
add_hidden "启动" "f12";
add_hidden "隐藏" "delete";
add_hidden "Root" "insert";
#==============================================================================